<document>
    <title>Seventh Test</title>

    <author>Test Author</author>

    <category>Tanakh</category>

    <schema paragraphBreak="multi-line-break">
        <level>Chapter</level>
        <level>Paragraph</level>
    </schema>
    
    <version>
        <title>Second version</title>
        <source>http://johnhungerford.github.io</source>
    </version>
    
    <body>
        <section>
            <title>Book One</title>
            <section level="Chapter">
                text of book 1, chapter 1, paragraph 1

                text of book 1, chapter 1, paragraph 2
            </section>
            <section level="Chapter">
                text of book 1, chapter 2, paragraph 1

                text of book 1, chapter 2, paragraph 2
            </section>
        </section>
        <section>
            <title>Book Two</title>
            <section level="Chapter">
                text of book 2, chapter 1, paragraph 1

                text of book 2, chapter 1, paragraph 2
            </section>
            <section level="Chapter">
                text of book 2, chapter 2, paragraph 1

                text of book 2, chapter 2, paragraph 2
            </section>
        </section>
    </body>

</document>